<?xml version="1.0" encoding="UTF-8" ?>
<testsuite failures="0" time="0" errors="0" skipped="0" tests="0" name="dao.MainDao_Test">
  <properties>
    <property name="idea.version" value="2016.2"/>
    <property name="java.runtime.name" value="Java(TM) SE Runtime Environment"/>
    <property name="sun.boot.library.path" value="/Users/Fuzhong.Yan/userENV/ENV/java_jdk_1.7.0_45/jre/lib"/>
    <property name="java.vm.version" value="24.45-b08"/>
    <property name="gopherProxySet" value="false"/>
    <property name="java.vm.vendor" value="Oracle Corporation"/>
    <property name="maven.multiModuleProjectDirectory" value="/Users/Fuzhong.Yan/Fuzhong.Yan/github/azproject"/>
    <property name="java.vendor.url" value="http://java.oracle.com/"/>
    <property name="path.separator" value=":"/>
    <property name="guice.disable.misplaced.annotation.check" value="true"/>
    <property name="java.vm.name" value="Java HotSpot(TM) 64-Bit Server VM"/>
    <property name="file.encoding.pkg" value="sun.io"/>
    <property name="idea.launcher.port" value="7540"/>
    <property name="user.country" value="CN"/>
    <property name="sun.java.launcher" value="SUN_STANDARD"/>
    <property name="sun.os.patch.level" value="unknown"/>
    <property name="java.vm.specification.name" value="Java Virtual Machine Specification"/>
    <property name="user.dir" value="/Users/Fuzhong.Yan/Fuzhong.Yan/github/azproject"/>
    <property name="java.runtime.version" value="1.7.0_45-b18"/>
    <property name="java.awt.graphicsenv" value="sun.awt.CGraphicsEnvironment"/>
    <property name="java.endorsed.dirs" value="/Users/Fuzhong.Yan/userENV/ENV/java_jdk_1.7.0_45/jre/lib/endorsed"/>
    <property name="os.arch" value="x86_64"/>
    <property name="java.io.tmpdir" value="/var/folders/4h/r79jn4b54zs98bs8c89zc1j40000gp/T/"/>
    <property name="line.separator" value="
"/>
    <property name="socksProxyPort" value="9742"/>
    <property name="java.vm.specification.vendor" value="Oracle Corporation"/>
    <property name="os.name" value="Mac OS X"/>
    <property name="archetypeCatalog" value="local"/>
    <property name="classworlds.conf" value="/Users/Fuzhong.Yan/userENV/ENV/apache-maven-3.3.9/bin/m2.conf"/>
    <property name="sun.jnu.encoding" value="UTF-8"/>
    <property name="java.library.path" value="/Users/Fuzhong.Yan/Library/Java/Extensions:/Library/Java/Extensions:/Network/Library/Java/Extensions:/System/Library/Java/Extensions:/usr/lib/java:."/>
    <property name="java.specification.name" value="Java Platform API Specification"/>
    <property name="java.class.version" value="51.0"/>
    <property name="sun.management.compiler" value="HotSpot 64-Bit Tiered Compilers"/>
    <property name="maven.repo.local" value="/Users/Fuzhong.Yan/userENV/repository"/>
    <property name="os.version" value="10.10.3"/>
    <property name="http.nonProxyHosts" value="local|*.local|169.254/16|*.169.254/16"/>
    <property name="user.home" value="/Users/Fuzhong.Yan"/>
    <property name="user.timezone" value="Asia/Chongqing"/>
    <property name="java.awt.printerjob" value="sun.lwawt.macosx.CPrinterJob"/>
    <property name="java.specification.version" value="1.7"/>
    <property name="idea.launcher.bin.path" value="/Applications/IntelliJ IDEA.app/Contents/bin"/>
    <property name="file.encoding" value="UTF-8"/>
    <property name="user.name" value="Fuzhong.Yan"/>
    <property name="java.class.path" value="/Users/Fuzhong.Yan/userENV/ENV/apache-maven-3.3.9/boot/plexus-classworlds-2.5.2.jar:/Applications/IntelliJ IDEA.app/Contents/lib/idea_rt.jar"/>
    <property name="socksProxyHost" value="127.0.0.1"/>
    <property name="java.vm.specification.version" value="1.7"/>
    <property name="sun.arch.data.model" value="64"/>
    <property name="java.home" value="/Users/Fuzhong.Yan/userENV/ENV/java_jdk_1.7.0_45/jre"/>
    <property name="sun.java.command" value="com.intellij.rt.execution.application.AppMain org.codehaus.classworlds.Launcher -Didea.version=2016.2 -s /Users/Fuzhong.Yan/userENV/repository/settings.xml -Dmaven.repo.local=/Users/Fuzhong.Yan/userENV/repository install"/>
    <property name="java.specification.vendor" value="Oracle Corporation"/>
    <property name="user.language" value="zh"/>
    <property name="awt.toolkit" value="sun.lwawt.macosx.LWCToolkit"/>
    <property name="java.vm.info" value="mixed mode"/>
    <property name="java.version" value="1.7.0_45"/>
    <property name="java.ext.dirs" value="/Users/Fuzhong.Yan/Library/Java/Extensions:/Users/Fuzhong.Yan/userENV/ENV/java_jdk_1.7.0_45/jre/lib/ext:/Library/Java/Extensions:/Network/Library/Java/Extensions:/System/Library/Java/Extensions:/usr/lib/java"/>
    <property name="sun.boot.class.path" value="/Users/Fuzhong.Yan/userENV/ENV/java_jdk_1.7.0_45/jre/lib/resources.jar:/Users/Fuzhong.Yan/userENV/ENV/java_jdk_1.7.0_45/jre/lib/rt.jar:/Users/Fuzhong.Yan/userENV/ENV/java_jdk_1.7.0_45/jre/lib/sunrsasign.jar:/Users/Fuzhong.Yan/userENV/ENV/java_jdk_1.7.0_45/jre/lib/jsse.jar:/Users/Fuzhong.Yan/userENV/ENV/java_jdk_1.7.0_45/jre/lib/jce.jar:/Users/Fuzhong.Yan/userENV/ENV/java_jdk_1.7.0_45/jre/lib/charsets.jar:/Users/Fuzhong.Yan/userENV/ENV/java_jdk_1.7.0_45/jre/lib/jfr.jar:/Users/Fuzhong.Yan/userENV/ENV/java_jdk_1.7.0_45/jre/lib/JObjC.jar:/Users/Fuzhong.Yan/userENV/ENV/java_jdk_1.7.0_45/jre/classes"/>
    <property name="java.vendor" value="Oracle Corporation"/>
    <property name="maven.home" value="/Users/Fuzhong.Yan/userENV/ENV/apache-maven-3.3.9"/>
    <property name="file.separator" value="/"/>
    <property name="java.vendor.url.bug" value="http://bugreport.sun.com/bugreport/"/>
    <property name="sun.cpu.endian" value="little"/>
    <property name="sun.io.unicode.encoding" value="UnicodeBig"/>
    <property name="socksNonProxyHosts" value="local|*.local|169.254/16|*.169.254/16"/>
    <property name="ftp.nonProxyHosts" value="local|*.local|169.254/16|*.169.254/16"/>
    <property name="sun.cpu.isalist" value=""/>
  </properties>
</testsuite>